C51 COMPILER V9.54   MAIN                                                                  06/17/2025 20:19:28 PAGE 1   


C51 COMPILER V9.54, COMPILATION OF MODULE MAIN
OBJECT MODULE PLACED IN .\Objects\main.obj
COMPILER INVOKED BY: D:\keil\C51\BIN\C51.EXE main.c OPTIMIZE(8,SPEED) BROWSE DEBUG OBJECTEXTEND PRINT(.\Listings\main.ls
                    -t) TABS(2) OBJECT(.\Objects\main.obj)

line level    source

   1          #include <REGX51.H>
   2          #include <intrins.h>
   3          #define uint unsigned int
   4          #define uchar unsigned int
   5          sbit P30=P3^0;
   6          sbit P31=P3^1;
   7          sbit P32=P3^2;
   8          sbit P10=P1^0;
   9          unsigned int flag=0,compare=80;
  10          unsigned char temp;
  11          void delay(unsigned int xms)    //@11.0592MHz
  12          {
  13   1        unsigned char i, j;
  14   1        while(xms)
  15   1        {
  16   2          _nop_();
  17   2          _nop_();
  18   2          _nop_();
  19   2          i = 11;
  20   2          j = 190;
  21   2          do
  22   2          {
  23   3            while (--j);
  24   3          } while (--i);
  25   2          xms--;
  26   2        }
  27   1      }
  28          
  29          timer_send()//*********************定时通信
  30          {
  31   1        SCON=0x50;//****************方式2发送接收
  32   1        PCON=0x00;
  33   1        TMOD=0X21; //******************T0定时方式1   T1串口通信方式2
  34   1        TH0=(65536-500)/256; //********定时0.5ms
  35   1        TL0=(65536-500)%256;
  36   1        TH1=TL1=0XFD;//*****************波特率9600
  37   1        EA=1;
  38   1        ES=1;
  39   1        TR1=1;
  40   1        ET0=1;
  41   1        TF0=1;
  42   1        TR0=0;
  43   1        while(1)
  44   1        {
  45   2          switch(temp)
  46   2          {
  47   3            case 0x31:compare=80;P0=0x06;delay(200);break;//*********一档（50%）
  48   3            case 0x32:compare=50;P0=0x5b;delay(200);break;//*********二档（50%）
  49   3            case 0x33:compare=20;P0=0x4f;delay(200);break;//*********三档（80%
  50   3          }
  51   2          if(!P31||temp==0x31)
  52   2          {
  53   3            TR0=1;
  54   3          }
C51 COMPILER V9.54   MAIN                                                                  06/17/2025 20:19:28 PAGE 2   

  55   2        };
  56   1      }
  57          //***************************************主函数
  58          void main()
  59          {
  60   1        P3_7=0;delay(20);
  61   1        P10=0;delay(20);
  62   1         //...........启动
  63   1          timer_send();
  64   1      }
  65          //************************************************虚拟终端
  66          void fasong()interrupt 4 using 2 //**********串口通信T1方式2 
  67          {
  68   1        if(RI==1)
  69   1        {
  70   2          RI=0;
  71   2          temp=SBUF;//**************接收数据
  72   2          SBUF=temp;//**************发送数据
  73   2          while(!TI);
  74   2          TI=0; 
  75   2        }
  76   1      }
  77          //************************************************定时
  78          void timer0() interrupt 1 using 1 //T0定时器中断
  79          {
  80   1        TH0=(65536-1000)/256;
  81   1        TL0=(65536-1000)%256;
  82   1      //***********************************生成PWM方波
  83   1         if(flag<=compare)
  84   1          {
  85   2            P10=0;
  86   2          } 
  87   1            else
  88   1          {
  89   2            P10=1;
  90   2          }
  91   1            if(flag==100)
  92   1          {
  93   2            flag=0;   
  94   2          }
  95   1          flag++;
  96   1      
  97   1          if(!P31)//******************一挡（20%）
  98   1          { 
  99   2            compare=80;delay(20);P0=0x06;
 100   2          }
 101   1          if(!P30)//******************二档（50%）
 102   1          { 
 103   2            compare=50;delay(20);P0=0x5b;
 104   2          }
 105   1          if(!P32)//******************三档（80%）
 106   1          {
 107   2            compare=20;delay(20);P0=0x4f;
 108   2          }
 109   1      }
 110          
 111          
 112          
 113          
 114          
 115          

C51 COMPILER V9.54   MAIN                                                                  06/17/2025 20:19:28 PAGE 3   


MODULE INFORMATION:   STATIC OVERLAYABLE
   CODE SIZE        =    253    ----
   CONSTANT SIZE    =   ----    ----
   XDATA SIZE       =   ----    ----
   PDATA SIZE       =   ----    ----
   DATA SIZE        =      5    ----
   IDATA SIZE       =   ----    ----
   BIT SIZE         =   ----    ----
END OF MODULE INFORMATION.


C51 COMPILATION COMPLETE.  0 WARNING(S),  0 ERROR(S)
